<?xml version="1.0" encoding="UTF-8"?>
<testsuite name="Academy Choucair" tests="1" skipped="0" failures="0" errors="0" timestamp="2021-12-12T04:42:35" hostname="WIN-TURCIOS" time="39.74">
  <properties/>
  <testcase name="Search for a automation course" classname="Academy Choucair" time="39.74"/>
  <system-out><![CDATA[]]></system-out>
  <system-err><![CDATA[[Test worker] WARN net.thucydides.core.steps.BaseStepListener - stepStarted: net.thucydides.core.steps.ExecutedStepDescription@12115c85
[Test worker] WARN net.thucydides.core.steps.BaseStepListener - stepStarted: net.thucydides.core.steps.ExecutedStepDescription@6c4f3108
[Test worker] WARN net.thucydides.core.steps.BaseStepListener - stepStarted: net.thucydides.core.steps.ExecutedStepDescription@4eefc64b
dic 11, 2021 11:42:35 PM org.openqa.selenium.remote.DesiredCapabilities chrome
INFORMACIÓN: Using `new ChromeOptions()` is preferred to `DesiredCapabilities.chrome()`
[Test worker] INFO net.serenitybdd.core.webdriver.driverproviders.ProvideNewDriver - Instantiating driver
[Test worker] INFO net.serenitybdd.core.webdriver.driverproviders.ProvideNewDriver - Driver capabilities: Capabilities {acceptInsecureCerts: false, browserName: chrome, chrome.switches: --start-maximized, goog:chromeOptions: {args: [--start-maximized], extensions: []}, loggingPrefs: org.openqa.selenium.logging..., platform: ANY, version: }
Starting ChromeDriver 96.0.4664.45 (76e4c1bb2ab4671b8beba3444e61c0f17584b2fc-refs/branch-heads/4664@{#947}) on port 5794
Only local connections are allowed.
Please see https://chromedriver.chromium.org/security-considerations for suggestions on keeping ChromeDriver safe.
ChromeDriver was started successfully.
dic 11, 2021 11:42:39 PM org.openqa.selenium.remote.ProtocolHandshake createSession
INFORMACIÓN: Detected dialect: W3C
[Test worker] WARN net.thucydides.core.steps.BaseStepListener - stepFinished: current outcome:Search for a automation course:Given than brandon wants to learn automation at the academy Choucair [Brandon open up [Brandon opens the Utestpage]]
[Test worker] WARN net.thucydides.core.steps.BaseStepListener - stepFinished: current outcome:Search for a automation course:Given than brandon wants to learn automation at the academy Choucair [Brandon open up [Brandon opens the Utestpage]]
[Test worker] WARN net.thucydides.core.steps.BaseStepListener - stepFinished: current outcome:Search for a automation course:Given than brandon wants to learn automation at the academy Choucair [Brandon open up [Brandon opens the Utestpage]]
[Test worker] WARN net.thucydides.core.steps.BaseStepListener - stepStarted: net.thucydides.core.steps.ExecutedStepDescription@520fa00c
[Test worker] WARN net.thucydides.core.steps.BaseStepListener - stepStarted: net.thucydides.core.steps.ExecutedStepDescription@4a417380
[Test worker] WARN net.thucydides.core.steps.BaseStepListener - stepStarted: net.thucydides.core.steps.ExecutedStepDescription@42ee0dc3
[Test worker] WARN net.thucydides.core.steps.BaseStepListener - stepFinished: current outcome:Search for a automation course:Given than brandon wants to learn automation at the academy Choucair [Brandon open up [Brandon opens the Utestpage]], When he search for the course on the choucair academy platform
| strFirstName | strLastName | strEmail | strMonth | strDay | strYear | strLanguage | strZipCode | strBrand | strModel | strOs | strCity | strPass |
| Omar | Masin | correox@temp.com | January | 31 | 1994 | spanish | 0854 | Apple | Iphone 11 | iOS 14 | Panama | Panama1234 | [Brandon register [Brandon clicks on button that shows us the form to Join today]]
[Test worker] WARN net.thucydides.core.steps.BaseStepListener - stepStarted: net.thucydides.core.steps.ExecutedStepDescription@23283035
[Test worker] WARN net.thucydides.core.steps.BaseStepListener - stepFinished: current outcome:Search for a automation course:Given than brandon wants to learn automation at the academy Choucair [Brandon open up [Brandon opens the Utestpage]], When he search for the course on the choucair academy platform
| strFirstName | strLastName | strEmail | strMonth | strDay | strYear | strLanguage | strZipCode | strBrand | strModel | strOs | strCity | strPass |
| Omar | Masin | correox@temp.com | January | 31 | 1994 | spanish | 0854 | Apple | Iphone 11 | iOS 14 | Panama | Panama1234 | [Brandon register [Brandon clicks on button that shows us the form to Join today, Brandon enters 'Omar' into write the first name]]
[Test worker] WARN net.thucydides.core.steps.BaseStepListener - stepStarted: net.thucydides.core.steps.ExecutedStepDescription@3e3131
[Test worker] WARN net.thucydides.core.steps.BaseStepListener - stepFinished: current outcome:Search for a automation course:Given than brandon wants to learn automation at the academy Choucair [Brandon open up [Brandon opens the Utestpage]], When he search for the course on the choucair academy platform
| strFirstName | strLastName | strEmail | strMonth | strDay | strYear | strLanguage | strZipCode | strBrand | strModel | strOs | strCity | strPass |
| Omar | Masin | correox@temp.com | January | 31 | 1994 | spanish | 0854 | Apple | Iphone 11 | iOS 14 | Panama | Panama1234 | [Brandon register [Brandon clicks on button that shows us the form to Join today, Brandon enters 'Omar' into write the first name, Brandon enters 'Masin' into write last name]]
[Test worker] WARN net.thucydides.core.steps.BaseStepListener - stepStarted: net.thucydides.core.steps.ExecutedStepDescription@65a793a4
[Test worker] WARN net.thucydides.core.steps.BaseStepListener - stepFinished: current outcome:Search for a automation course:Given than brandon wants to learn automation at the academy Choucair [Brandon open up [Brandon opens the Utestpage]], When he search for the course on the choucair academy platform
| strFirstName | strLastName | strEmail | strMonth | strDay | strYear | strLanguage | strZipCode | strBrand | strModel | strOs | strCity | strPass |
| Omar | Masin | correox@temp.com | January | 31 | 1994 | spanish | 0854 | Apple | Iphone 11 | iOS 14 | Panama | Panama1234 | [Brandon register [Brandon clicks on button that shows us the form to Join today, Brandon enters 'Omar' into write the first name, Brandon enters 'Masin' into write last name, Brandon enters 'correox@temp.com' into write you email register]]
[Test worker] WARN net.thucydides.core.steps.BaseStepListener - stepStarted: net.thucydides.core.steps.ExecutedStepDescription@66973d45
[Test worker] WARN net.thucydides.core.steps.BaseStepListener - stepFinished: current outcome:Search for a automation course:Given than brandon wants to learn automation at the academy Choucair [Brandon open up [Brandon opens the Utestpage]], When he search for the course on the choucair academy platform
| strFirstName | strLastName | strEmail | strMonth | strDay | strYear | strLanguage | strZipCode | strBrand | strModel | strOs | strCity | strPass |
| Omar | Masin | correox@temp.com | January | 31 | 1994 | spanish | 0854 | Apple | Iphone 11 | iOS 14 | Panama | Panama1234 | [Brandon register [Brandon clicks on button that shows us the form to Join today, Brandon enters 'Omar' into write the first name, Brandon enters 'Masin' into write last name, Brandon enters 'correox@temp.com' into write you email register, Brandon select January on write your birth month]]
[Test worker] WARN net.thucydides.core.steps.BaseStepListener - stepStarted: net.thucydides.core.steps.ExecutedStepDescription@58b3871b
[Test worker] WARN net.thucydides.core.steps.BaseStepListener - stepFinished: current outcome:Search for a automation course:Given than brandon wants to learn automation at the academy Choucair [Brandon open up [Brandon opens the Utestpage]], When he search for the course on the choucair academy platform
| strFirstName | strLastName | strEmail | strMonth | strDay | strYear | strLanguage | strZipCode | strBrand | strModel | strOs | strCity | strPass |
| Omar | Masin | correox@temp.com | January | 31 | 1994 | spanish | 0854 | Apple | Iphone 11 | iOS 14 | Panama | Panama1234 | [Brandon register [Brandon clicks on button that shows us the form to Join today, Brandon enters 'Omar' into write the first name, Brandon enters 'Masin' into write last name, Brandon enters 'correox@temp.com' into write you email register, Brandon select January on write your birth month, Brandon select 31 on write your birth day]]
[Test worker] WARN net.thucydides.core.steps.BaseStepListener - stepStarted: net.thucydides.core.steps.ExecutedStepDescription@72da7a6e
[Test worker] WARN net.thucydides.core.steps.BaseStepListener - stepFinished: current outcome:Search for a automation course:Given than brandon wants to learn automation at the academy Choucair [Brandon open up [Brandon opens the Utestpage]], When he search for the course on the choucair academy platform
| strFirstName | strLastName | strEmail | strMonth | strDay | strYear | strLanguage | strZipCode | strBrand | strModel | strOs | strCity | strPass |
| Omar | Masin | correox@temp.com | January | 31 | 1994 | spanish | 0854 | Apple | Iphone 11 | iOS 14 | Panama | Panama1234 | [Brandon register [Brandon clicks on button that shows us the form to Join today, Brandon enters 'Omar' into write the first name, Brandon enters 'Masin' into write last name, Brandon enters 'correox@temp.com' into write you email register, Brandon select January on write your birth month, Brandon select 31 on write your birth day, Brandon select 1994 on write your birth year]]
[Test worker] WARN net.thucydides.core.steps.BaseStepListener - stepStarted: net.thucydides.core.steps.ExecutedStepDescription@77284648
[Test worker] WARN net.thucydides.core.steps.BaseStepListener - stepFinished: current outcome:Search for a automation course:Given than brandon wants to learn automation at the academy Choucair [Brandon open up [Brandon opens the Utestpage]], When he search for the course on the choucair academy platform
| strFirstName | strLastName | strEmail | strMonth | strDay | strYear | strLanguage | strZipCode | strBrand | strModel | strOs | strCity | strPass |
| Omar | Masin | correox@temp.com | January | 31 | 1994 | spanish | 0854 | Apple | Iphone 11 | iOS 14 | Panama | Panama1234 | [Brandon register [Brandon clicks on button that shows us the form to Join today, Brandon enters 'Omar' into write the first name, Brandon enters 'Masin' into write last name, Brandon enters 'correox@temp.com' into write you email register, Brandon select January on write your birth month, Brandon select 31 on write your birth day, Brandon select 1994 on write your birth year, Brandon enters 'spanish' into write you language]]
[Test worker] WARN net.thucydides.core.steps.BaseStepListener - stepStarted: net.thucydides.core.steps.ExecutedStepDescription@7794efdc
[Test worker] WARN net.thucydides.core.steps.BaseStepListener - stepFinished: current outcome:Search for a automation course:Given than brandon wants to learn automation at the academy Choucair [Brandon open up [Brandon opens the Utestpage]], When he search for the course on the choucair academy platform
| strFirstName | strLastName | strEmail | strMonth | strDay | strYear | strLanguage | strZipCode | strBrand | strModel | strOs | strCity | strPass |
| Omar | Masin | correox@temp.com | January | 31 | 1994 | spanish | 0854 | Apple | Iphone 11 | iOS 14 | Panama | Panama1234 | [Brandon register [Brandon clicks on button that shows us the form to Join today, Brandon enters 'Omar' into write the first name, Brandon enters 'Masin' into write last name, Brandon enters 'correox@temp.com' into write you email register, Brandon select January on write your birth month, Brandon select 31 on write your birth day, Brandon select 1994 on write your birth year, Brandon enters 'spanish' into write you language, Brandon clicks on next page of register]]
[Test worker] WARN net.thucydides.core.steps.BaseStepListener - stepStarted: net.thucydides.core.steps.ExecutedStepDescription@12cd8537
[Test worker] WARN net.thucydides.core.steps.BaseStepListener - stepFinished: current outcome:Search for a automation course:Given than brandon wants to learn automation at the academy Choucair [Brandon open up [Brandon opens the Utestpage]], When he search for the course on the choucair academy platform
| strFirstName | strLastName | strEmail | strMonth | strDay | strYear | strLanguage | strZipCode | strBrand | strModel | strOs | strCity | strPass |
| Omar | Masin | correox@temp.com | January | 31 | 1994 | spanish | 0854 | Apple | Iphone 11 | iOS 14 | Panama | Panama1234 | [Brandon register [Brandon clicks on button that shows us the form to Join today, Brandon enters 'Omar' into write the first name, Brandon enters 'Masin' into write last name, Brandon enters 'correox@temp.com' into write you email register, Brandon select January on write your birth month, Brandon select 31 on write your birth day, Brandon select 1994 on write your birth year, Brandon enters 'spanish' into write you language, Brandon clicks on next page of register, Brandon enters '0854' into enter zip code]]
[Test worker] WARN net.thucydides.core.steps.BaseStepListener - stepStarted: net.thucydides.core.steps.ExecutedStepDescription@6b4cd383
[Test worker] WARN net.thucydides.core.steps.BaseStepListener - stepFinished: current outcome:Search for a automation course:Given than brandon wants to learn automation at the academy Choucair [Brandon open up [Brandon opens the Utestpage]], When he search for the course on the choucair academy platform
| strFirstName | strLastName | strEmail | strMonth | strDay | strYear | strLanguage | strZipCode | strBrand | strModel | strOs | strCity | strPass |
| Omar | Masin | correox@temp.com | January | 31 | 1994 | spanish | 0854 | Apple | Iphone 11 | iOS 14 | Panama | Panama1234 | [Brandon register [Brandon clicks on button that shows us the form to Join today, Brandon enters 'Omar' into write the first name, Brandon enters 'Masin' into write last name, Brandon enters 'correox@temp.com' into write you email register, Brandon select January on write your birth month, Brandon select 31 on write your birth day, Brandon select 1994 on write your birth year, Brandon enters 'spanish' into write you language, Brandon clicks on next page of register, Brandon enters '0854' into enter zip code, Brandon clicks on enter you city]]
[Test worker] WARN net.thucydides.core.steps.BaseStepListener - stepStarted: net.thucydides.core.steps.ExecutedStepDescription@1d2b85f7
[Test worker] WARN net.thucydides.core.steps.BaseStepListener - stepFinished: current outcome:Search for a automation course:Given than brandon wants to learn automation at the academy Choucair [Brandon open up [Brandon opens the Utestpage]], When he search for the course on the choucair academy platform
| strFirstName | strLastName | strEmail | strMonth | strDay | strYear | strLanguage | strZipCode | strBrand | strModel | strOs | strCity | strPass |
| Omar | Masin | correox@temp.com | January | 31 | 1994 | spanish | 0854 | Apple | Iphone 11 | iOS 14 | Panama | Panama1234 | [Brandon register [Brandon clicks on button that shows us the form to Join today, Brandon enters 'Omar' into write the first name, Brandon enters 'Masin' into write last name, Brandon enters 'correox@temp.com' into write you email register, Brandon select January on write your birth month, Brandon select 31 on write your birth day, Brandon select 1994 on write your birth year, Brandon enters 'spanish' into write you language, Brandon clicks on next page of register, Brandon enters '0854' into enter zip code, Brandon clicks on enter you city, Brandon clicks on select you city]]
[Test worker] WARN net.thucydides.core.steps.BaseStepListener - stepStarted: net.thucydides.core.steps.ExecutedStepDescription@66557df7
[Test worker] WARN net.thucydides.core.steps.BaseStepListener - stepFinished: current outcome:Search for a automation course:Given than brandon wants to learn automation at the academy Choucair [Brandon open up [Brandon opens the Utestpage]], When he search for the course on the choucair academy platform
| strFirstName | strLastName | strEmail | strMonth | strDay | strYear | strLanguage | strZipCode | strBrand | strModel | strOs | strCity | strPass |
| Omar | Masin | correox@temp.com | January | 31 | 1994 | spanish | 0854 | Apple | Iphone 11 | iOS 14 | Panama | Panama1234 | [Brandon register [Brandon clicks on button that shows us the form to Join today, Brandon enters 'Omar' into write the first name, Brandon enters 'Masin' into write last name, Brandon enters 'correox@temp.com' into write you email register, Brandon select January on write your birth month, Brandon select 31 on write your birth day, Brandon select 1994 on write your birth year, Brandon enters 'spanish' into write you language, Brandon clicks on next page of register, Brandon enters '0854' into enter zip code, Brandon clicks on enter you city, Brandon clicks on select you city, Brandon clicks on second page of register]]
[Test worker] WARN net.thucydides.core.steps.BaseStepListener - stepStarted: net.thucydides.core.steps.ExecutedStepDescription@16ae3587
[Test worker] WARN net.thucydides.core.steps.BaseStepListener - stepFinished: current outcome:Search for a automation course:Given than brandon wants to learn automation at the academy Choucair [Brandon open up [Brandon opens the Utestpage]], When he search for the course on the choucair academy platform
| strFirstName | strLastName | strEmail | strMonth | strDay | strYear | strLanguage | strZipCode | strBrand | strModel | strOs | strCity | strPass |
| Omar | Masin | correox@temp.com | January | 31 | 1994 | spanish | 0854 | Apple | Iphone 11 | iOS 14 | Panama | Panama1234 | [Brandon register [Brandon clicks on button that shows us the form to Join today, Brandon enters 'Omar' into write the first name, Brandon enters 'Masin' into write last name, Brandon enters 'correox@temp.com' into write you email register, Brandon select January on write your birth month, Brandon select 31 on write your birth day, Brandon select 1994 on write your birth year, Brandon enters 'spanish' into write you language, Brandon clicks on next page of register, Brandon enters '0854' into enter zip code, Brandon clicks on enter you city, Brandon clicks on select you city, Brandon clicks on second page of register, Brandon clicks on select you brand mobile]]
[Test worker] WARN net.thucydides.core.steps.BaseStepListener - stepStarted: net.thucydides.core.steps.ExecutedStepDescription@35c3eac7
[Test worker] WARN net.thucydides.core.steps.BaseStepListener - stepFinished: current outcome:Search for a automation course:Given than brandon wants to learn automation at the academy Choucair [Brandon open up [Brandon opens the Utestpage]], When he search for the course on the choucair academy platform
| strFirstName | strLastName | strEmail | strMonth | strDay | strYear | strLanguage | strZipCode | strBrand | strModel | strOs | strCity | strPass |
| Omar | Masin | correox@temp.com | January | 31 | 1994 | spanish | 0854 | Apple | Iphone 11 | iOS 14 | Panama | Panama1234 | [Brandon register [Brandon clicks on button that shows us the form to Join today, Brandon enters 'Omar' into write the first name, Brandon enters 'Masin' into write last name, Brandon enters 'correox@temp.com' into write you email register, Brandon select January on write your birth month, Brandon select 31 on write your birth day, Brandon select 1994 on write your birth year, Brandon enters 'spanish' into write you language, Brandon clicks on next page of register, Brandon enters '0854' into enter zip code, Brandon clicks on enter you city, Brandon clicks on select you city, Brandon clicks on second page of register, Brandon clicks on select you brand mobile, Brandon clicks on select you brand mobile]]
[Test worker] WARN net.thucydides.core.steps.BaseStepListener - stepStarted: net.thucydides.core.steps.ExecutedStepDescription@8473d65
[Test worker] WARN net.thucydides.core.steps.BaseStepListener - stepFinished: current outcome:Search for a automation course:Given than brandon wants to learn automation at the academy Choucair [Brandon open up [Brandon opens the Utestpage]], When he search for the course on the choucair academy platform
| strFirstName | strLastName | strEmail | strMonth | strDay | strYear | strLanguage | strZipCode | strBrand | strModel | strOs | strCity | strPass |
| Omar | Masin | correox@temp.com | January | 31 | 1994 | spanish | 0854 | Apple | Iphone 11 | iOS 14 | Panama | Panama1234 | [Brandon register [Brandon clicks on button that shows us the form to Join today, Brandon enters 'Omar' into write the first name, Brandon enters 'Masin' into write last name, Brandon enters 'correox@temp.com' into write you email register, Brandon select January on write your birth month, Brandon select 31 on write your birth day, Brandon select 1994 on write your birth year, Brandon enters 'spanish' into write you language, Brandon clicks on next page of register, Brandon enters '0854' into enter zip code, Brandon clicks on enter you city, Brandon clicks on select you city, Brandon clicks on second page of register, Brandon clicks on select you brand mobile, Brandon clicks on select you brand mobile, Brandon clicks on select you model mobile]]
[Test worker] WARN net.thucydides.core.steps.BaseStepListener - stepStarted: net.thucydides.core.steps.ExecutedStepDescription@37b9f688
[Test worker] WARN net.thucydides.core.steps.BaseStepListener - stepFinished: current outcome:Search for a automation course:Given than brandon wants to learn automation at the academy Choucair [Brandon open up [Brandon opens the Utestpage]], When he search for the course on the choucair academy platform
| strFirstName | strLastName | strEmail | strMonth | strDay | strYear | strLanguage | strZipCode | strBrand | strModel | strOs | strCity | strPass |
| Omar | Masin | correox@temp.com | January | 31 | 1994 | spanish | 0854 | Apple | Iphone 11 | iOS 14 | Panama | Panama1234 | [Brandon register [Brandon clicks on button that shows us the form to Join today, Brandon enters 'Omar' into write the first name, Brandon enters 'Masin' into write last name, Brandon enters 'correox@temp.com' into write you email register, Brandon select January on write your birth month, Brandon select 31 on write your birth day, Brandon select 1994 on write your birth year, Brandon enters 'spanish' into write you language, Brandon clicks on next page of register, Brandon enters '0854' into enter zip code, Brandon clicks on enter you city, Brandon clicks on select you city, Brandon clicks on second page of register, Brandon clicks on select you brand mobile, Brandon clicks on select you brand mobile, Brandon clicks on select you model mobile, Brandon clicks on select you model mobile]]
[Test worker] WARN net.thucydides.core.steps.BaseStepListener - stepStarted: net.thucydides.core.steps.ExecutedStepDescription@6683cf4
[Test worker] WARN net.thucydides.core.steps.BaseStepListener - stepFinished: current outcome:Search for a automation course:Given than brandon wants to learn automation at the academy Choucair [Brandon open up [Brandon opens the Utestpage]], When he search for the course on the choucair academy platform
| strFirstName | strLastName | strEmail | strMonth | strDay | strYear | strLanguage | strZipCode | strBrand | strModel | strOs | strCity | strPass |
| Omar | Masin | correox@temp.com | January | 31 | 1994 | spanish | 0854 | Apple | Iphone 11 | iOS 14 | Panama | Panama1234 | [Brandon register [Brandon clicks on button that shows us the form to Join today, Brandon enters 'Omar' into write the first name, Brandon enters 'Masin' into write last name, Brandon enters 'correox@temp.com' into write you email register, Brandon select January on write your birth month, Brandon select 31 on write your birth day, Brandon select 1994 on write your birth year, Brandon enters 'spanish' into write you language, Brandon clicks on next page of register, Brandon enters '0854' into enter zip code, Brandon clicks on enter you city, Brandon clicks on select you city, Brandon clicks on second page of register, Brandon clicks on select you brand mobile, Brandon clicks on select you brand mobile, Brandon clicks on select you model mobile, Brandon clicks on select you model mobile, Brandon clicks on select you os mobile]]
[Test worker] WARN net.thucydides.core.steps.BaseStepListener - stepStarted: net.thucydides.core.steps.ExecutedStepDescription@2a9afd6f
[Test worker] WARN net.thucydides.core.steps.BaseStepListener - stepFinished: current outcome:Search for a automation course:Given than brandon wants to learn automation at the academy Choucair [Brandon open up [Brandon opens the Utestpage]], When he search for the course on the choucair academy platform
| strFirstName | strLastName | strEmail | strMonth | strDay | strYear | strLanguage | strZipCode | strBrand | strModel | strOs | strCity | strPass |
| Omar | Masin | correox@temp.com | January | 31 | 1994 | spanish | 0854 | Apple | Iphone 11 | iOS 14 | Panama | Panama1234 | [Brandon register [Brandon clicks on button that shows us the form to Join today, Brandon enters 'Omar' into write the first name, Brandon enters 'Masin' into write last name, Brandon enters 'correox@temp.com' into write you email register, Brandon select January on write your birth month, Brandon select 31 on write your birth day, Brandon select 1994 on write your birth year, Brandon enters 'spanish' into write you language, Brandon clicks on next page of register, Brandon enters '0854' into enter zip code, Brandon clicks on enter you city, Brandon clicks on select you city, Brandon clicks on second page of register, Brandon clicks on select you brand mobile, Brandon clicks on select you brand mobile, Brandon clicks on select you model mobile, Brandon clicks on select you model mobile, Brandon clicks on select you os mobile, Brandon clicks on select you os mobile]]
[Test worker] WARN net.thucydides.core.steps.BaseStepListener - stepStarted: net.thucydides.core.steps.ExecutedStepDescription@30162274
[Test worker] WARN net.thucydides.core.steps.BaseStepListener - stepFinished: current outcome:Search for a automation course:Given than brandon wants to learn automation at the academy Choucair [Brandon open up [Brandon opens the Utestpage]], When he search for the course on the choucair academy platform
| strFirstName | strLastName | strEmail | strMonth | strDay | strYear | strLanguage | strZipCode | strBrand | strModel | strOs | strCity | strPass |
| Omar | Masin | correox@temp.com | January | 31 | 1994 | spanish | 0854 | Apple | Iphone 11 | iOS 14 | Panama | Panama1234 | [Brandon register [Brandon clicks on button that shows us the form to Join today, Brandon enters 'Omar' into write the first name, Brandon enters 'Masin' into write last name, Brandon enters 'correox@temp.com' into write you email register, Brandon select January on write your birth month, Brandon select 31 on write your birth day, Brandon select 1994 on write your birth year, Brandon enters 'spanish' into write you language, Brandon clicks on next page of register, Brandon enters '0854' into enter zip code, Brandon clicks on enter you city, Brandon clicks on select you city, Brandon clicks on second page of register, Brandon clicks on select you brand mobile, Brandon clicks on select you brand mobile, Brandon clicks on select you model mobile, Brandon clicks on select you model mobile, Brandon clicks on select you os mobile, Brandon clicks on select you os mobile, Brandon clicks on next page of register]]
[Test worker] WARN net.thucydides.core.steps.BaseStepListener - stepStarted: net.thucydides.core.steps.ExecutedStepDescription@31594c59
[Test worker] WARN net.thucydides.core.steps.BaseStepListener - stepFinished: current outcome:Search for a automation course:Given than brandon wants to learn automation at the academy Choucair [Brandon open up [Brandon opens the Utestpage]], When he search for the course on the choucair academy platform
| strFirstName | strLastName | strEmail | strMonth | strDay | strYear | strLanguage | strZipCode | strBrand | strModel | strOs | strCity | strPass |
| Omar | Masin | correox@temp.com | January | 31 | 1994 | spanish | 0854 | Apple | Iphone 11 | iOS 14 | Panama | Panama1234 | [Brandon register [Brandon clicks on button that shows us the form to Join today, Brandon enters 'Omar' into write the first name, Brandon enters 'Masin' into write last name, Brandon enters 'correox@temp.com' into write you email register, Brandon select January on write your birth month, Brandon select 31 on write your birth day, Brandon select 1994 on write your birth year, Brandon enters 'spanish' into write you language, Brandon clicks on next page of register, Brandon enters '0854' into enter zip code, Brandon clicks on enter you city, Brandon clicks on select you city, Brandon clicks on second page of register, Brandon clicks on select you brand mobile, Brandon clicks on select you brand mobile, Brandon clicks on select you model mobile, Brandon clicks on select you model mobile, Brandon clicks on select you os mobile, Brandon clicks on select you os mobile, Brandon clicks on next page of register, Brandon enters 'Panama1234' into enter your password]]
[Test worker] WARN net.thucydides.core.steps.BaseStepListener - stepStarted: net.thucydides.core.steps.ExecutedStepDescription@5c313133
[Test worker] WARN net.thucydides.core.steps.BaseStepListener - stepFinished: current outcome:Search for a automation course:Given than brandon wants to learn automation at the academy Choucair [Brandon open up [Brandon opens the Utestpage]], When he search for the course on the choucair academy platform
| strFirstName | strLastName | strEmail | strMonth | strDay | strYear | strLanguage | strZipCode | strBrand | strModel | strOs | strCity | strPass |
| Omar | Masin | correox@temp.com | January | 31 | 1994 | spanish | 0854 | Apple | Iphone 11 | iOS 14 | Panama | Panama1234 | [Brandon register [Brandon clicks on button that shows us the form to Join today, Brandon enters 'Omar' into write the first name, Brandon enters 'Masin' into write last name, Brandon enters 'correox@temp.com' into write you email register, Brandon select January on write your birth month, Brandon select 31 on write your birth day, Brandon select 1994 on write your birth year, Brandon enters 'spanish' into write you language, Brandon clicks on next page of register, Brandon enters '0854' into enter zip code, Brandon clicks on enter you city, Brandon clicks on select you city, Brandon clicks on second page of register, Brandon clicks on select you brand mobile, Brandon clicks on select you brand mobile, Brandon clicks on select you model mobile, Brandon clicks on select you model mobile, Brandon clicks on select you os mobile, Brandon clicks on select you os mobile, Brandon clicks on next page of register, Brandon enters 'Panama1234' into enter your password, Brandon enters 'Panama1234' into confirm password]]
[Test worker] WARN net.thucydides.core.steps.BaseStepListener - stepStarted: net.thucydides.core.steps.ExecutedStepDescription@16690366
[Test worker] WARN net.thucydides.core.steps.BaseStepListener - stepFinished: current outcome:Search for a automation course:Given than brandon wants to learn automation at the academy Choucair [Brandon open up [Brandon opens the Utestpage]], When he search for the course on the choucair academy platform
| strFirstName | strLastName | strEmail | strMonth | strDay | strYear | strLanguage | strZipCode | strBrand | strModel | strOs | strCity | strPass |
| Omar | Masin | correox@temp.com | January | 31 | 1994 | spanish | 0854 | Apple | Iphone 11 | iOS 14 | Panama | Panama1234 | [Brandon register [Brandon clicks on button that shows us the form to Join today, Brandon enters 'Omar' into write the first name, Brandon enters 'Masin' into write last name, Brandon enters 'correox@temp.com' into write you email register, Brandon select January on write your birth month, Brandon select 31 on write your birth day, Brandon select 1994 on write your birth year, Brandon enters 'spanish' into write you language, Brandon clicks on next page of register, Brandon enters '0854' into enter zip code, Brandon clicks on enter you city, Brandon clicks on select you city, Brandon clicks on second page of register, Brandon clicks on select you brand mobile, Brandon clicks on select you brand mobile, Brandon clicks on select you model mobile, Brandon clicks on select you model mobile, Brandon clicks on select you os mobile, Brandon clicks on select you os mobile, Brandon clicks on next page of register, Brandon enters 'Panama1234' into enter your password, Brandon enters 'Panama1234' into confirm password, Brandon clicks on select the first politician]]
[Test worker] WARN net.thucydides.core.steps.BaseStepListener - stepStarted: net.thucydides.core.steps.ExecutedStepDescription@69948057
[Test worker] WARN net.thucydides.core.steps.BaseStepListener - stepFinished: current outcome:Search for a automation course:Given than brandon wants to learn automation at the academy Choucair [Brandon open up [Brandon opens the Utestpage]], When he search for the course on the choucair academy platform
| strFirstName | strLastName | strEmail | strMonth | strDay | strYear | strLanguage | strZipCode | strBrand | strModel | strOs | strCity | strPass |
| Omar | Masin | correox@temp.com | January | 31 | 1994 | spanish | 0854 | Apple | Iphone 11 | iOS 14 | Panama | Panama1234 | [Brandon register [Brandon clicks on button that shows us the form to Join today, Brandon enters 'Omar' into write the first name, Brandon enters 'Masin' into write last name, Brandon enters 'correox@temp.com' into write you email register, Brandon select January on write your birth month, Brandon select 31 on write your birth day, Brandon select 1994 on write your birth year, Brandon enters 'spanish' into write you language, Brandon clicks on next page of register, Brandon enters '0854' into enter zip code, Brandon clicks on enter you city, Brandon clicks on select you city, Brandon clicks on second page of register, Brandon clicks on select you brand mobile, Brandon clicks on select you brand mobile, Brandon clicks on select you model mobile, Brandon clicks on select you model mobile, Brandon clicks on select you os mobile, Brandon clicks on select you os mobile, Brandon clicks on next page of register, Brandon enters 'Panama1234' into enter your password, Brandon enters 'Panama1234' into confirm password, Brandon clicks on select the first politician, Brandon clicks on select the second politician]]
[Test worker] WARN net.thucydides.core.steps.BaseStepListener - stepFinished: current outcome:Search for a automation course:Given than brandon wants to learn automation at the academy Choucair [Brandon open up [Brandon opens the Utestpage]], When he search for the course on the choucair academy platform
| strFirstName | strLastName | strEmail | strMonth | strDay | strYear | strLanguage | strZipCode | strBrand | strModel | strOs | strCity | strPass |
| Omar | Masin | correox@temp.com | January | 31 | 1994 | spanish | 0854 | Apple | Iphone 11 | iOS 14 | Panama | Panama1234 | [Brandon register [Brandon clicks on button that shows us the form to Join today, Brandon enters 'Omar' into write the first name, Brandon enters 'Masin' into write last name, Brandon enters 'correox@temp.com' into write you email register, Brandon select January on write your birth month, Brandon select 31 on write your birth day, Brandon select 1994 on write your birth year, Brandon enters 'spanish' into write you language, Brandon clicks on next page of register, Brandon enters '0854' into enter zip code, Brandon clicks on enter you city, Brandon clicks on select you city, Brandon clicks on second page of register, Brandon clicks on select you brand mobile, Brandon clicks on select you brand mobile, Brandon clicks on select you model mobile, Brandon clicks on select you model mobile, Brandon clicks on select you os mobile, Brandon clicks on select you os mobile, Brandon clicks on next page of register, Brandon enters 'Panama1234' into enter your password, Brandon enters 'Panama1234' into confirm password, Brandon clicks on select the first politician, Brandon clicks on select the second politician]]
[Test worker] WARN net.thucydides.core.steps.BaseStepListener - stepFinished: current outcome:Search for a automation course:Given than brandon wants to learn automation at the academy Choucair [Brandon open up [Brandon opens the Utestpage]], When he search for the course on the choucair academy platform
| strFirstName | strLastName | strEmail | strMonth | strDay | strYear | strLanguage | strZipCode | strBrand | strModel | strOs | strCity | strPass |
| Omar | Masin | correox@temp.com | January | 31 | 1994 | spanish | 0854 | Apple | Iphone 11 | iOS 14 | Panama | Panama1234 | [Brandon register [Brandon clicks on button that shows us the form to Join today, Brandon enters 'Omar' into write the first name, Brandon enters 'Masin' into write last name, Brandon enters 'correox@temp.com' into write you email register, Brandon select January on write your birth month, Brandon select 31 on write your birth day, Brandon select 1994 on write your birth year, Brandon enters 'spanish' into write you language, Brandon clicks on next page of register, Brandon enters '0854' into enter zip code, Brandon clicks on enter you city, Brandon clicks on select you city, Brandon clicks on second page of register, Brandon clicks on select you brand mobile, Brandon clicks on select you brand mobile, Brandon clicks on select you model mobile, Brandon clicks on select you model mobile, Brandon clicks on select you os mobile, Brandon clicks on select you os mobile, Brandon clicks on next page of register, Brandon enters 'Panama1234' into enter your password, Brandon enters 'Panama1234' into confirm password, Brandon clicks on select the first politician, Brandon clicks on select the second politician]]
[Test worker] WARN net.thucydides.core.steps.BaseStepListener - stepStarted: net.thucydides.core.steps.ExecutedStepDescription@171b378a
[Test worker] WARN net.thucydides.core.steps.BaseStepListener - stepStarted: net.thucydides.core.steps.ExecutedStepDescription@1f6f3673
[Test worker] WARN net.thucydides.core.steps.BaseStepListener - stepFinished: current outcome:Search for a automation course:Given than brandon wants to learn automation at the academy Choucair [Brandon open up [Brandon opens the Utestpage]], When he search for the course on the choucair academy platform
| strFirstName | strLastName | strEmail | strMonth | strDay | strYear | strLanguage | strZipCode | strBrand | strModel | strOs | strCity | strPass |
| Omar | Masin | correox@temp.com | January | 31 | 1994 | spanish | 0854 | Apple | Iphone 11 | iOS 14 | Panama | Panama1234 | [Brandon register [Brandon clicks on button that shows us the form to Join today, Brandon enters 'Omar' into write the first name, Brandon enters 'Masin' into write last name, Brandon enters 'correox@temp.com' into write you email register, Brandon select January on write your birth month, Brandon select 31 on write your birth day, Brandon select 1994 on write your birth year, Brandon enters 'spanish' into write you language, Brandon clicks on next page of register, Brandon enters '0854' into enter zip code, Brandon clicks on enter you city, Brandon clicks on select you city, Brandon clicks on second page of register, Brandon clicks on select you brand mobile, Brandon clicks on select you brand mobile, Brandon clicks on select you model mobile, Brandon clicks on select you model mobile, Brandon clicks on select you os mobile, Brandon clicks on select you os mobile, Brandon clicks on next page of register, Brandon enters 'Panama1234' into enter your password, Brandon enters 'Panama1234' into confirm password, Brandon clicks on select the first politician, Brandon clicks on select the second politician]], Then he finds the course called resources
| strValidation |
| Complete Setup | [Then answer]
[Test worker] WARN net.thucydides.core.steps.BaseStepListener - stepFinished: current outcome:Search for a automation course:Given than brandon wants to learn automation at the academy Choucair [Brandon open up [Brandon opens the Utestpage]], When he search for the course on the choucair academy platform
| strFirstName | strLastName | strEmail | strMonth | strDay | strYear | strLanguage | strZipCode | strBrand | strModel | strOs | strCity | strPass |
| Omar | Masin | correox@temp.com | January | 31 | 1994 | spanish | 0854 | Apple | Iphone 11 | iOS 14 | Panama | Panama1234 | [Brandon register [Brandon clicks on button that shows us the form to Join today, Brandon enters 'Omar' into write the first name, Brandon enters 'Masin' into write last name, Brandon enters 'correox@temp.com' into write you email register, Brandon select January on write your birth month, Brandon select 31 on write your birth day, Brandon select 1994 on write your birth year, Brandon enters 'spanish' into write you language, Brandon clicks on next page of register, Brandon enters '0854' into enter zip code, Brandon clicks on enter you city, Brandon clicks on select you city, Brandon clicks on second page of register, Brandon clicks on select you brand mobile, Brandon clicks on select you brand mobile, Brandon clicks on select you model mobile, Brandon clicks on select you model mobile, Brandon clicks on select you os mobile, Brandon clicks on select you os mobile, Brandon clicks on next page of register, Brandon enters 'Panama1234' into enter your password, Brandon enters 'Panama1234' into confirm password, Brandon clicks on select the first politician, Brandon clicks on select the second politician]], Then he finds the course called resources
| strValidation |
| Complete Setup | [Then answer]
[Test worker] WARN net.thucydides.core.steps.BaseStepListener - testFinished: Search for a automation course:Given than brandon wants to learn automation at the academy Choucair [Brandon open up [Brandon opens the Utestpage]], When he search for the course on the choucair academy platform
| strFirstName | strLastName | strEmail | strMonth | strDay | strYear | strLanguage | strZipCode | strBrand | strModel | strOs | strCity | strPass |
| Omar | Masin | correox@temp.com | January | 31 | 1994 | spanish | 0854 | Apple | Iphone 11 | iOS 14 | Panama | Panama1234 | [Brandon register [Brandon clicks on button that shows us the form to Join today, Brandon enters 'Omar' into write the first name, Brandon enters 'Masin' into write last name, Brandon enters 'correox@temp.com' into write you email register, Brandon select January on write your birth month, Brandon select 31 on write your birth day, Brandon select 1994 on write your birth year, Brandon enters 'spanish' into write you language, Brandon clicks on next page of register, Brandon enters '0854' into enter zip code, Brandon clicks on enter you city, Brandon clicks on select you city, Brandon clicks on second page of register, Brandon clicks on select you brand mobile, Brandon clicks on select you brand mobile, Brandon clicks on select you model mobile, Brandon clicks on select you model mobile, Brandon clicks on select you os mobile, Brandon clicks on select you os mobile, Brandon clicks on next page of register, Brandon enters 'Panama1234' into enter your password, Brandon enters 'Panama1234' into confirm password, Brandon clicks on select the first politician, Brandon clicks on select the second politician]], Then he finds the course called resources
| strValidation |
| Complete Setup | [Then answer]
[Test worker] WARN net.thucydides.core.steps.BaseStepListener - TestOutcomes: [Search for a automation course:Given than brandon wants to learn automation at the academy Choucair [Brandon open up [Brandon opens the Utestpage]], When he search for the course on the choucair academy platform
| strFirstName | strLastName | strEmail | strMonth | strDay | strYear | strLanguage | strZipCode | strBrand | strModel | strOs | strCity | strPass |
| Omar | Masin | correox@temp.com | January | 31 | 1994 | spanish | 0854 | Apple | Iphone 11 | iOS 14 | Panama | Panama1234 | [Brandon register [Brandon clicks on button that shows us the form to Join today, Brandon enters 'Omar' into write the first name, Brandon enters 'Masin' into write last name, Brandon enters 'correox@temp.com' into write you email register, Brandon select January on write your birth month, Brandon select 31 on write your birth day, Brandon select 1994 on write your birth year, Brandon enters 'spanish' into write you language, Brandon clicks on next page of register, Brandon enters '0854' into enter zip code, Brandon clicks on enter you city, Brandon clicks on select you city, Brandon clicks on second page of register, Brandon clicks on select you brand mobile, Brandon clicks on select you brand mobile, Brandon clicks on select you model mobile, Brandon clicks on select you model mobile, Brandon clicks on select you os mobile, Brandon clicks on select you os mobile, Brandon clicks on next page of register, Brandon enters 'Panama1234' into enter your password, Brandon enters 'Panama1234' into confirm password, Brandon clicks on select the first politician, Brandon clicks on select the second politician]], Then he finds the course called resources
| strValidation |
| Complete Setup | [Then answer]]
[Test worker] WARN net.thucydides.core.steps.BaseStepListener - Final testOutcomes: [Search for a automation course:Given than brandon wants to learn automation at the academy Choucair [Brandon open up [Brandon opens the Utestpage]], When he search for the course on the choucair academy platform
| strFirstName | strLastName | strEmail | strMonth | strDay | strYear | strLanguage | strZipCode | strBrand | strModel | strOs | strCity | strPass |
| Omar | Masin | correox@temp.com | January | 31 | 1994 | spanish | 0854 | Apple | Iphone 11 | iOS 14 | Panama | Panama1234 | [Brandon register [Brandon clicks on button that shows us the form to Join today, Brandon enters 'Omar' into write the first name, Brandon enters 'Masin' into write last name, Brandon enters 'correox@temp.com' into write you email register, Brandon select January on write your birth month, Brandon select 31 on write your birth day, Brandon select 1994 on write your birth year, Brandon enters 'spanish' into write you language, Brandon clicks on next page of register, Brandon enters '0854' into enter zip code, Brandon clicks on enter you city, Brandon clicks on select you city, Brandon clicks on second page of register, Brandon clicks on select you brand mobile, Brandon clicks on select you brand mobile, Brandon clicks on select you model mobile, Brandon clicks on select you model mobile, Brandon clicks on select you os mobile, Brandon clicks on select you os mobile, Brandon clicks on next page of register, Brandon enters 'Panama1234' into enter your password, Brandon enters 'Panama1234' into confirm password, Brandon clicks on select the first politician, Brandon clicks on select the second politician]], Then he finds the course called resources
| strValidation |
| Complete Setup | [Then answer]]
[Test worker] INFO net.thucydides.core.steps.ConsoleLoggingListener - 
        __    _____ _____ ____ _____   ____   _    ____  ____  _____ ____  
  _     \ \  |_   _| ____/ ___|_   _| |  _ \ / \  / ___|/ ___|| ____|  _ \ 
 (_)_____| |   | | |  _| \___ \ | |   | |_) / _ \ \___ \\___ \|  _| | | | |
  _|_____| |   | | | |___ ___) || |   |  __/ ___ \ ___) |___) | |___| |_| |
 (_)     | |   |_| |_____|____/ |_|   |_| /_/   \_\____/|____/|_____|____/ 
        /_/                                                                

TEST PASSED: Search for a automation course
----------------------------------------------------------------------------
]]></system-err>
</testsuite>
